1669018932517:list authors
1669019056096:list
1669019090353:help
1669019123913:listAuthors
1669019132250:list authors
1669019143946:stacktrace
1669019329435:authors
1669019498283:help
1669019514799:list
1669019670988:help
1669019678229:authors
1669019750512:sss
1669019753762:help
1669020086484:sss
1669020091784:authors
1669020217706:help
1669020221586:sss
1669020236185:authors
1669020358152:help
1669020361435:sss
1669020365342:authors
1669020766360:sss
1669020769422:help
1669020813748:sss
1669020901215:help
1669020903833:sss
1669020977536:help
1669020985228:list-authors
1669021204353:list
1669021206758:help
1669021215053:list-books
1669022087069:add-book --title XXX --isbn 9999 --issued 1999 --authorId 1 --genreId 1
1669022119513:add-book --title XXX --isbn 9999 --issued 1999 --authorId 1
1669022160357:add-book XXX 999 1999 1 1
1669022277907:list-books
1669022458905:add-book XXX 999 1990 1 1
1669022468145:list-books
1669106302507:help
1669106321117:author-by-id 1
1669106330919:q
1669106333674:quit
1669106653137:add-book
1669106676969:add-book XXX 123 1990 1 1 2
1669106718339:list-books
1669106738511:add-book XXX 123 1990 1 [1, 2]
1669106964123:add-book XXX 123 1990 1 --genreId 1 2
1669108112021:add-book XXX 123 1990 1,2
1669108158923:add-book XXX 123 1990 "1,2"
1669108207831:add-book XXX 123 1990 1,2
1669108278967:add-book xxx 123 1990 1 1,2
1669108315036:list-books
1669109155428:add-list
1669109160728:list-books
1669109467694:book-by-id
1669109477677:book-by-id 1
1669109489657:book-by-id 100
1669457257739:--help
1669457263365:help
1669457277565:author-by-id 1
1669457293233:help
1669457298846:list-authors
1669457343571:рудз
1669457345548:help
1669457356366:list-authors
1669457372527:author-by-id 2
1669457394863:author-by-id 3
1669457401242:list-authors
1669457406582:exit
1669458572833:help
1669458581790:delete-author-by-id 1
1669458604573:eqit
1669458607669:exit
1669463353922:help
1669463360108:list-books
1669463386423:help
1669463399781:list-authors
1669463415819:authos-by-id
1669463422480:author-by-id 1
1669463430785:authod-by-is 5
1669463441599:author-by-id 5
1669463448672:help
1669463456878:book-by-id 1
1669463509760:help
1669463515826:list-books
